C:\Users\phili\.CLion2018.3\system\cygwin_cmake\bin\cmake.exe -DCMAKE_BUILD_TYPE=Debug -G "CodeBlocks - Unix Makefiles" /cygdrive/c/Users/phili/Dropbox/Studium-Share/BSYTrance-master/p01_Intro/Intro/listen
-- The C compiler identification is GNU 6.3.0
-- Check for working C compiler: /cygdrive/c/MinGW/bin/gcc.exe
-- Check for working C compiler: /cygdrive/c/MinGW/bin/gcc.exe -- broken
CMake Error at /cygdrive/c/Users/phili/.CLion2018.3/system/cygwin_cmake/share/cmake-3.13.2/Modules/CMakeTestCCompiler.cmake:52 (message):
  The C compiler

    "/cygdrive/c/MinGW/bin/gcc.exe"

  is not able to compile a simple test program.

  It fails with the following output:

    Change Dir: /cygdrive/c/Users/phili/Dropbox/Studium-Share/BSYTrance-master/p01_Intro/Intro/listen/cmake-build-debug/CMakeFiles/CMakeTmp
    
    Run Build Command:"/usr/bin/make.exe" "cmTC_74df0/fast"
    /usr/bin/make -f CMakeFiles/cmTC_74df0.dir/build.make CMakeFiles/cmTC_74df0.dir/build
    make[1]: Entering directory '/cygdrive/c/Users/phili/Dropbox/Studium-Share/BSYTrance-master/p01_Intro/Intro/listen/cmake-build-debug/CMakeFiles/CMakeTmp'
    Building C object CMakeFiles/cmTC_74df0.dir/testCCompiler.c.o
    /cygdrive/c/MinGW/bin/gcc.exe    -o CMakeFiles/cmTC_74df0.dir/testCCompiler.c.o   -c /cygdrive/c/Users/phili/Dropbox/Studium-Share/BSYTrance-master/p01_Intro/Intro/listen/cmake-build-debug/CMakeFiles/CMakeTmp/testCCompiler.c
    gcc.exe: error: /cygdrive/c/Users/phili/Dropbox/Studium-Share/BSYTrance-master/p01_Intro/Intro/listen/cmake-build-debug/CMakeFiles/CMakeTmp/testCCompiler.c: No such file or directory
    gcc.exe: fatal error: no input files
    compilation terminated.
    make[1]: *** [CMakeFiles/cmTC_74df0.dir/build.make:66: CMakeFiles/cmTC_74df0.dir/testCCompiler.c.o] Error 1
    make[1]: Leaving directory '/cygdrive/c/Users/phili/Dropbox/Studium-Share/BSYTrance-master/p01_Intro/Intro/listen/cmake-build-debug/CMakeFiles/CMakeTmp'
    make: *** [Makefile:121: cmTC_74df0/fast] Error 2
    

  

  CMake will not be able to correctly generate this project.
Call Stack (most recent call first):
  CMakeLists.txt:2 (project)


-- Configuring incomplete, errors occurred!
See also "/cygdrive/c/Users/phili/Dropbox/Studium-Share/BSYTrance-master/p01_Intro/Intro/listen/cmake-build-debug/CMakeFiles/CMakeOutput.log".
See also "/cygdrive/c/Users/phili/Dropbox/Studium-Share/BSYTrance-master/p01_Intro/Intro/listen/cmake-build-debug/CMakeFiles/CMakeError.log".
